755  [Test worker] INFO  o.s.t.c.s.AnnotationConfigContextLoaderUtils – Could not detect default configuration classes for test class [com.example.unit23.lab23ApplicationTests]: lab23ApplicationTests does not declare any static, non-private, non-final, nested classes annotated with @Configuration.
1002 [Test worker] INFO  o.s.b.t.c.SpringBootTestContextBootstrapper – Found @SpringBootConfiguration com.example.unit23.Application for test class com.example.unit23.lab23ApplicationTests
2135 [Test worker] INFO  r.mirea.lab23.lab23ApplicationTests – Starting lab23ApplicationTests using Java 17.0.10 with PID 37738 (started by igor in /home/igor/IdeaProjects/JavaPatternMirea/Lab_20)
2140 [Test worker] INFO  r.mirea.lab23.lab23ApplicationTests – No active profile set, falling back to 1 default profile: "default"
4868 [Test worker] INFO  o.s.d.r.c.RepositoryConfigurationDelegate – Bootstrapping Spring Data JPA repositories in DEFAULT mode.
5241 [Test worker] INFO  o.s.d.r.c.RepositoryConfigurationDelegate – Finished Spring Data repository scanning in 349 ms. Found 2 JPA repository interfaces.
6534 [Test worker] INFO  com.zaxxer.hikari.HikariDataSource – HikariPool-1 - Starting...
7456 [Test worker] INFO  com.zaxxer.hikari.pool.HikariPool – HikariPool-1 - Added connection org.postgresql.jdbc.PgConnection@55adcf9e
7462 [Test worker] INFO  com.zaxxer.hikari.HikariDataSource – HikariPool-1 - Start completed.
7579 [Test worker] INFO  o.h.jpa.internal.util.LogHelper – HHH000204: Processing PersistenceUnitInfo [name: default]
7729 [Test worker] INFO  org.hibernate.Version – HHH000412: Hibernate ORM core version 6.4.4.Final
7815 [Test worker] INFO  o.h.c.i.RegionFactoryInitiator – HHH000026: Second-level cache disabled
8451 [Test worker] INFO  o.s.o.j.p.SpringPersistenceUnitInfo – No LoadTimeWeaver setup: ignoring JPA class transformer
8620 [Test worker] WARN  org.hibernate.orm.deprecation – HHH90000025: PostgreSQLDialect does not need to be specified explicitly using 'hibernate.dialect' (remove the property setting and it will be selected by default)
10830 [Test worker] INFO  o.h.e.t.j.p.i.JtaPlatformInitiator – HHH000489: No JTA platform available (set 'hibernate.transaction.jta.platform' to enable JTA platform integration)
10842 [Test worker] INFO  o.s.o.j.LocalContainerEntityManagerFactoryBean – Initialized JPA EntityManagerFactory for persistence unit 'default'
12031 [Test worker] WARN  o.s.b.a.o.j.JpaBaseConfiguration$JpaWebConfiguration – spring.jpa.open-in-view is enabled by default. Therefore, database queries may be performed during view rendering. Explicitly configure spring.jpa.open-in-view to disable this warning
12090 [Test worker] INFO  o.s.b.a.w.s.WelcomePageHandlerMapping – Adding welcome page template: index
13161 [Test worker] INFO  r.mirea.lab23.lab23ApplicationTests – Started lab23ApplicationTests in 11.768 seconds (process running for 15.448)
14578 [SpringApplicationShutdownHook] INFO  o.s.o.j.LocalContainerEntityManagerFactoryBean – Closing JPA EntityManagerFactory for persistence unit 'default'
14583 [SpringApplicationShutdownHook] INFO  com.zaxxer.hikari.HikariDataSource – HikariPool-1 - Shutdown initiated...
14624 [SpringApplicationShutdownHook] INFO  com.zaxxer.hikari.HikariDataSource – HikariPool-1 - Shutdown completed.
410  [restartedMain] INFO  com.example.unit23.Application – Starting Application using Java 20.0.2.1 with PID 25502 (/Users/alekseyruban/Library/Mobile Documents/com~apple~CloudDocs/Mirea/Шаблоны ппя Java/JavaMirea4/Units/unit23/build/classes/java/main started by alekseyruban in /Users/alekseyruban/Library/Mobile Documents/com~apple~CloudDocs/Mirea/Шаблоны ппя Java/JavaMirea4/Units/unit23)
411  [restartedMain] INFO  com.example.unit23.Application – No active profile set, falling back to 1 default profile: "default"
434  [restartedMain] INFO  o.s.b.d.e.DevToolsPropertyDefaultsPostProcessor – Devtools property defaults active! Set 'spring.devtools.add-properties' to 'false' to disable
434  [restartedMain] INFO  o.s.b.d.e.DevToolsPropertyDefaultsPostProcessor – For additional web related logging consider setting the 'logging.level.web' property to 'DEBUG'
813  [restartedMain] INFO  o.s.d.r.c.RepositoryConfigurationDelegate – Bootstrapping Spring Data JPA repositories in DEFAULT mode.
892  [restartedMain] INFO  o.s.d.r.c.RepositoryConfigurationDelegate – Finished Spring Data repository scanning in 75 ms. Found 3 JPA repository interfaces.
1261 [restartedMain] INFO  o.s.b.w.e.tomcat.TomcatWebServer – Tomcat initialized with port 8080 (http)
1268 [restartedMain] INFO  o.a.coyote.http11.Http11NioProtocol – Initializing ProtocolHandler ["http-nio-8080"]
1269 [restartedMain] INFO  o.a.catalina.core.StandardService – Starting service [Tomcat]
1269 [restartedMain] INFO  o.a.catalina.core.StandardEngine – Starting Servlet engine: [Apache Tomcat/10.1.19]
1296 [restartedMain] INFO  o.a.c.c.C.[Tomcat].[localhost].[/] – Initializing Spring embedded WebApplicationContext
1296 [restartedMain] INFO  o.s.b.w.s.c.ServletWebServerApplicationContext – Root WebApplicationContext: initialization completed in 861 ms
1367 [restartedMain] INFO  com.zaxxer.hikari.HikariDataSource – HikariPool-1 - Starting...
1519 [restartedMain] INFO  com.zaxxer.hikari.pool.HikariPool – HikariPool-1 - Added connection org.postgresql.jdbc.PgConnection@1547efce
1519 [restartedMain] INFO  com.zaxxer.hikari.HikariDataSource – HikariPool-1 - Start completed.
1583 [restartedMain] INFO  o.h.jpa.internal.util.LogHelper – HHH000204: Processing PersistenceUnitInfo [name: default]
1611 [restartedMain] INFO  org.hibernate.Version – HHH000412: Hibernate ORM core version 6.4.4.Final
1628 [restartedMain] INFO  o.h.c.i.RegionFactoryInitiator – HHH000026: Second-level cache disabled
1739 [restartedMain] INFO  o.s.o.j.p.SpringPersistenceUnitInfo – No LoadTimeWeaver setup: ignoring JPA class transformer
1770 [restartedMain] WARN  org.hibernate.orm.deprecation – HHH90000025: PostgreSQLDialect does not need to be specified explicitly using 'hibernate.dialect' (remove the property setting and it will be selected by default)
2214 [restartedMain] INFO  o.h.e.t.j.p.i.JtaPlatformInitiator – HHH000489: No JTA platform available (set 'hibernate.transaction.jta.platform' to enable JTA platform integration)
2216 [restartedMain] INFO  o.s.o.j.LocalContainerEntityManagerFactoryBean – Initialized JPA EntityManagerFactory for persistence unit 'default'
2418 [restartedMain] WARN  o.s.b.a.o.j.JpaBaseConfiguration$JpaWebConfiguration – spring.jpa.open-in-view is enabled by default. Therefore, database queries may be performed during view rendering. Explicitly configure spring.jpa.open-in-view to disable this warning
2459 [restartedMain] INFO  o.s.b.a.w.s.WelcomePageHandlerMapping – Adding welcome page template: index
2542 [restartedMain] INFO  o.s.s.w.DefaultSecurityFilterChain – Will secure any request with [org.springframework.security.web.session.DisableEncodeUrlFilter@35bc8ca, org.springframework.security.web.context.request.async.WebAsyncManagerIntegrationFilter@3120dfa1, org.springframework.security.web.context.SecurityContextHolderFilter@40a8362c, org.springframework.security.web.header.HeaderWriterFilter@1e250fc9, org.springframework.web.filter.CorsFilter@871b051, org.springframework.security.web.authentication.logout.LogoutFilter@22d8f263, org.springframework.security.web.authentication.UsernamePasswordAuthenticationFilter@28a22955, org.springframework.security.web.authentication.ui.DefaultLoginPageGeneratingFilter@2c531039, org.springframework.security.web.authentication.ui.DefaultLogoutPageGeneratingFilter@21da6415, org.springframework.security.web.savedrequest.RequestCacheAwareFilter@eb1b1d6, org.springframework.security.web.servletapi.SecurityContextHolderAwareRequestFilter@326a8a18, org.springframework.security.web.authentication.AnonymousAuthenticationFilter@7c1af57c, org.springframework.security.web.access.ExceptionTranslationFilter@3472a3ee, org.springframework.security.web.access.intercept.AuthorizationFilter@6f3bae5e]
2679 [restartedMain] INFO  o.s.b.d.a.OptionalLiveReloadServer – LiveReload server is running on port 35729
2685 [restartedMain] INFO  o.a.coyote.http11.Http11NioProtocol – Starting ProtocolHandler ["http-nio-8080"]
2691 [restartedMain] INFO  o.s.b.w.e.tomcat.TomcatWebServer – Tomcat started on port 8080 (http) with context path ''
2697 [restartedMain] INFO  com.example.unit23.Application – Started Application in 2.461 seconds (process running for 2.82)
70239 [SpringApplicationShutdownHook] INFO  o.s.o.j.LocalContainerEntityManagerFactoryBean – Closing JPA EntityManagerFactory for persistence unit 'default'
70242 [SpringApplicationShutdownHook] INFO  com.zaxxer.hikari.HikariDataSource – HikariPool-1 - Shutdown initiated...
70244 [SpringApplicationShutdownHook] INFO  com.zaxxer.hikari.HikariDataSource – HikariPool-1 - Shutdown completed.
